     1                                  bits 32 ; assembling for the 32 bits architecture
     2                                  
     3                                  ; declare the EntryPoint (a label defining the very first instruction of the program)
     4                                  global start        
     5                                  
     6                                  ; declare external functions needed by our program
     7                                  extern exit               ; tell nasm that exit exists even if we won't be defining it
     8                                  import exit msvcrt.dll    ; exit is a function that ends the calling process. It is defined in msvcrt.dll
     9                                                            ; msvcrt.dll contains exit, printf and all the other important C-runtime specific functions
    10                                  
    11                                  ; our data is declared here (the variables needed by our program)
    12                                  segment data use32 class=data
    13                                      ; ...(a*b)-(c*d)
    14 00000000 01                          a db 1
    15 00000001 02                          b db 2
    16 00000002 03                          c db 3
    17 00000003 04                          d db 4
    18                                  
    19                                  ; our code starts here
    20                                  segment code use32 class=code
    21                                      start:
    22                                          ; ...
    23 00000000 A0[00000000]                    mov al,[a]
    24 00000005 F625[01000000]                  mul byte[b]
    25 0000000B 6689C3                          mov bx,ax
    26 0000000E A0[02000000]                    mov al,[c]
    27 00000013 F625[03000000]                  mul byte[d]
    28 00000019 6629C3                          sub bx,ax
    29 0000001C 6689D8                          mov ax,bx
    30                                      
    31                                          ; exit(0)
    32 0000001F 6A00                            push    dword 0      ; push the parameter for exit onto the stack
    33 00000021 FF15[00000000]                  call    [exit]       ; call exit to terminate the program
