     1                                  bits 32 ; assembling for the 32 bits architecture
     2                                  
     3                                  ; declare the EntryPoint (a label defining the very first instruction of the program)
     4                                  global start        
     5                                  
     6                                  ; declare external functions needed by our program
     7                                  extern exit               ; tell nasm that exit exists even if we won't be defining it
     8                                  import exit msvcrt.dll    ; exit is a function that ends the calling process. It is defined in msvcrt.dll
     9                                                            ; msvcrt.dll contains exit, printf and all the other important C-runtime specific functions
    10                                  
    11                                  ; our data is declared here (the variables needed by our program)
    12                                  segment data use32 class=data
    13                                  len equ 0
    14                                  
    15                                  
    16                                  
    17                                  segment code use32 class=code
    18                                      start:
    19 00000000 B800000000                  mov eax,0
    20 00000005 B405                        mov ah,5
    21 00000007 B00A                        mov al,00001010b
    22 00000009 C0E00A                      shl al,10
    23                                    
    24                                      
    25                                      
    26                                      
    27                                          
    28 0000000C 6A00                            push    dword 0      ; push the parameter for exit onto the stack
    29 0000000E FF15[00000000]                  call    [exit]       ; call exit to terminate the program
