     1                                  bits 32 ; assembling for the 32 bits architecture
     2                                  
     3                                  ; declare the EntryPoint (a label defining the very first instruction of the program)
     4                                  global start        
     5                                  
     6                                  ; declare external functions needed by our program
     7                                  extern exit               ; tell nasm that exit exists even if we won't be defining it
     8                                  import exit msvcrt.dll    ; exit is a function that ends the calling process. It is defined in msvcrt.dll
     9                                                            ; msvcrt.dll contains exit, printf and all the other important C-runtime specific functions
    10                                  
    11                                  ; our data is declared here (the variables needed by our program)
    12                                  segment data use32 class=data
    13                                      ; ...
    14                                      ; se declara variabile
    15                                      
    16 00000000 05                          a db 5; 
    17 00000001 04                      	b db 4;
    18 00000002 03                          e db 3;
    19 00000003 03                          d db 3;
    20                                  
    21                                  
    22                                  ; our code starts here
    23                                  segment code use32 class=code
    24                                      start:
    25                                          ; ...
    26                                          ;(a+b+b)-(c+d)
    27 00000000 B000                           mov al,0
    28 00000002 0205[00000000]                 add AL,[a]
    29 00000008 0205[01000000]                 add AL,[b]
    30 0000000E 0205[01000000]                 add AL,[b]
    31 00000014 2A05[02000000]                 sub AL,[e]
    32 0000001A 2A05[03000000]                 sub AL,[d]
    33                                          
    34                                      
    35                                          ; exit(0)
    36 00000020 6A00                            push    dword 0      ; push the parameter for exit onto the stack
    37 00000022 FF15[00000000]                  call    [exit]       ; call exit to terminate the program
