     1                                  bits 32 
     2                                  
     3                                  global start        
     4                                  
     5                                  ; declare external functions needed by our program
     6                                  extern exit, fopen, fclose, fread,printf
     7                                  import exit msvcrt.dll 
     8                                  import fopen msvcrt.dll 
     9                                  import fread msvcrt.dll 
    10                                  import fclose msvcrt.dll 
    11                                  import printf msvcrt.dll
    12                                  
    13                                  ; our data is declared here 
    14                                  segment data use32 class=data
    15 00000000 696E2E74787400              nume_fisier db "in.txt", 0   
    16 00000007 7200                        mod_acces db "r", 0             
    17 00000009 FFFFFFFF                    descriptor_fis dd -1            
    18 0000000D 00000000                    nr_car_citite dd 0             
    19                                      len equ 100                     
    20 00000011 <res 00000064>              buffer resb len      
    21 00000075 00000000                        nr_impare dd 0
    22                                    
    23 00000079 313335373900                impare db "13579",0
    24                                      len_impare equ $ - impare
    25 0000007F 4E756D6172756C2064-         format_output db "Numarul de cifre impare este: %d", 0
    25 00000088 652063696672652069-
    25 00000091 6D7061726520657374-
    25 0000009A 653A20256400       
    26                                  
    27                                  ; our code starts here
    28                                  segment code use32 class=code
    29                                      start:
    30                                          ;apel fopen("in.txt","r")
    31 00000000 68[07000000]                    push dword mod_acces
    32 00000005 68[00000000]                    push dword nume_fisier
    33 0000000A FF15[00000000]                  call [fopen]
    34 00000010 83C408                          add esp, 4*2
    35                                          
    36                                          ; verificam daca functia fopen a creat cu succes fisierul (daca EAX != 0)
    37 00000013 83F800                          cmp eax, 0                  
    38 00000016 7464                            je final
    39                                          
    40 00000018 A3[09000000]                    mov [descriptor_fis], eax   
    41                                          
    42                                          
    43                                          
    44                                          bucla:
    45                                              
    46                                              ;apel fread(buffer,1,nr_car_citite,descriptor_fis)
    47 0000001D FF35[09000000]                      push dword [descriptor_fis]
    48 00000023 6A64                                push dword len
    49 00000025 6A01                                push dword 1
    50 00000027 68[11000000]                        push dword buffer
    51 0000002C FF15[00000000]                      call [fread]
    52 00000032 83C410                              add esp, 4*4
    53                                              
    54                                              
    55 00000035 83F800                              cmp eax, 0          
    56 00000038 7433                                je cleanup
    57                                  
    58 0000003A A3[0D000000]                        mov [nr_car_citite], eax        
    59 0000003F 89C1                                mov ecx,eax 
    60                                                          procesare_caracter:
    61 00000041 8A99[10000000]                          mov bl, [buffer + ECX -1] 
    62                                                  
    63                                                  
    64                                                  
    65 00000047 80FB31                                      cmp bl,"1"
    66 0000004A 7416                                        je adauga
    67 0000004C 80FB33                                      cmp bl,"3"
    68 0000004F 7411                                        je adauga
    69 00000051 80FB35                                      cmp bl,"5"
    70 00000054 740C                                        je adauga
    71 00000056 80FB37                                      cmp bl,"7"
    72 00000059 7407                                        je adauga
    73 0000005B 80FB39                                      cmp bl,"9"
    74 0000005E 7402                                        je adauga
    75                                                     
    76 00000060 EB07                                        jmp nu_adauga
    77                                                      adauga:
    78 00000062 8305[75000000]01                            add dword[nr_impare],1
    79                                                   nu_adauga:
    80                                                  
    81 00000069 E2D6                                    loop procesare_caracter
    82                                     
    83                                  
    84 0000006B EBB0                                jmp bucla
    85                                          
    86                                        cleanup:
    87                                          ;apel fclose("in.txt")
    88 0000006D FF35[09000000]                  push dword [descriptor_fis]
    89 00000073 FF15[00000000]                  call [fclose]
    90 00000079 83C404                          add esp, 4
    91                                          
    92                                        final: 
    93                                             ;apel printf("Numarul de cifre impare este: %d",nr_impare)
    94 0000007C FF35[75000000]                      push dword [nr_impare]
    95 00000082 68[7F000000]                        push dword format_output 
    96 00000087 FF15[00000000]                      call [printf]
    97                                  
    98                                          ; exit(0)
    99 0000008D 6A00                            push    dword 0      
   100 0000008F FF15[00000000]                  call    [exit]  
